                               S A P 2 0 0 0 (R)                                

                          Structural Analysis Programs                          

                             Nonlinear Version 7.11                             

                            Copyright (C) 1978-1999                             
                         COMPUTERS AND STRUCTURES, INC.                         
                              All rights reserved                               

                This copy of SAP2000 is for the exclusive use of                

                                  THE LICENSEE                                  

           Unauthorized use is in violation of Federal copyright laws           

               It is the responsibility of the user to verify all               
                        results produced by this program                        

                             12 Nov 2020  12:01:39                              
 Program SAP2000 Nonlinear Version 7.11                            File:WORK.OUT
                                                                            Page
                                                                               1

 D I S P L A C E M E N T   D E G R E E S   O F   F R E E D O M

         (A) = Active DOF, equilibrium equation
         (-) = Restrained DOF, reaction computed
         (+) = Constrained DOF
         (>) = External substructure DOF
         ( ) = Null DOF

  JOINTS              UX  UY  UZ  RX  RY  RZ
       1 TO       8    A   A   A   A   A   A
       9               -   -   -   A   A   A
      10 TO      16    A   A   A   A   A   A
      17               -   -   -   A   A   A
      18 TO      24    A   A   A   A   A   A
      25               -   -   -   A   A   A
      26 TO     212    A   A   A   A   A   A
     213               -   -   -   A   A   A
     214 TO     216    A   A   A   A   A   A
     217               -   -   -   A   A   A
     218 TO     220    A   A   A   A   A   A
     221               -   -   -   A   A   A
     222 TO     472    A   A   A   A   A   A
     473               -   -   -   A   A   A
     474 TO     476    A   A   A   A   A   A
     477               -   -   -   A   A   A
     478 TO     480    A   A   A   A   A   A
     481               -   -   -   A   A   A
     482 TO     732    A   A   A   A   A   A
     733               -   -   -   A   A   A
     734 TO     736    A   A   A   A   A   A
     737               -   -   -   A   A   A
     738 TO     740    A   A   A   A   A   A
     741               -   -   -   A   A   A
     742 TO     939    A   A   A   A   A   A
     940               -   -   -   A   A   A
     941 TO     943    A   A   A   A   A   A
     944               -   -   -   A   A   A
     945 TO     947    A   A   A   A   A   A
     948               -   -   -   A   A   A
     949               A   A   A   A   A   A
 Program SAP2000 Nonlinear Version 7.11                            File:WORK.OUT
                                                                            Page
                                                                               2

 A S S E M B L E D   J O I N T   M A S S E S

 IN GLOBAL COORDINATES

   JOINT          UX          UY          UZ          RX          RY          RZ
       1    0.480136    0.480136    0.480136     .000000     .000000     .000000
       2    0.480136    0.480136    0.480136     .000000     .000000     .000000
       3    0.480136    0.480136    0.480136     .000000     .000000     .000000
       4    0.480136    0.480136    0.480136     .000000     .000000     .000000
       5    0.960272    0.960272    0.960272     .000000     .000000     .000000
       6    1.920544    1.920544    1.920544     .000000     .000000     .000000
       7    0.960272    0.960272    0.960272     .000000     .000000     .000000
       8    1.920544    1.920544    1.920544     .000000     .000000     .000000
       9    0.960272    0.960272    0.960272     .000000     .000000     .000000
      10    1.920544    1.920544    1.920544     .000000     .000000     .000000
      11    0.960272    0.960272    0.960272     .000000     .000000     .000000
      12    1.920544    1.920544    1.920544     .000000     .000000     .000000
      13    0.960272    0.960272    0.960272     .000000     .000000     .000000
      14    1.920544    1.920544    1.920544     .000000     .000000     .000000
      15    0.960272    0.960272    0.960272     .000000     .000000     .000000
      16    1.920544    1.920544    1.920544     .000000     .000000     .000000
      17    0.960272    0.960272    0.960272     .000000     .000000     .000000
      18    1.920544    1.920544    1.920544     .000000     .000000     .000000
      19    0.960272    0.960272    0.960272     .000000     .000000     .000000
      20    1.920544    1.920544    1.920544     .000000     .000000     .000000
      21    0.960272    0.960272    0.960272     .000000     .000000     .000000
      22    1.920544    1.920544    1.920544     .000000     .000000     .000000
      23    0.960272    0.960272    0.960272     .000000     .000000     .000000
      24    1.920544    1.920544    1.920544     .000000     .000000     .000000
      25    0.960272    0.960272    0.960272     .000000     .000000     .000000
      26    1.920544    1.920544    1.920544     .000000     .000000     .000000
      27    0.960272    0.960272    0.960272     .000000     .000000     .000000
      28    0.960272    0.960272    0.960272     .000000     .000000     .000000
      29    0.960272    0.960272    0.960272     .000000     .000000     .000000
      30    1.920544    1.920544    1.920544     .000000     .000000     .000000
      31    1.920544    1.920544    1.920544     .000000     .000000     .000000
      32    1.920544    1.920544    1.920544     .000000     .000000     .000000
      33    1.920544    1.920544    1.920544     .000000     .000000     .000000
      34    1.920544    1.920544    1.920544     .000000     .000000     .000000
      35    1.920544    1.920544    1.920544     .000000     .000000     .000000
      36    1.920544    1.920544    1.920544     .000000     .000000     .000000
      37    1.920544    1.920544    1.920544     .000000     .000000     .000000
      38    1.920544    1.920544    1.920544     .000000     .000000     .000000
      39    1.920544    1.920544    1.920544     .000000     .000000     .000000
      40    1.920544    1.920544    1.920544     .000000     .000000     .000000
      41    0.960272    0.960272    0.960272     .000000     .000000     .000000
      42    0.960272    0.960272    0.960272     .000000     .000000     .000000
      43    1.920544    1.920544    1.920544     .000000     .000000     .000000
      44    1.920544    1.920544    1.920544     .000000     .000000     .000000
      45    1.920544    1.920544    1.920544     .000000     .000000     .000000
      46    1.920544    1.920544    1.920544     .000000     .000000     .000000
      47    1.920544    1.920544    1.920544     .000000     .000000     .000000
      48    1.920544    1.920544    1.920544     .000000     .000000     .000000
      49    1.920544    1.920544    1.920544     .000000     .000000     .000000
      50    1.920544    1.920544    1.920544     .000000     .000000     .000000
      51    1.920544    1.920544    1.920544     .000000     .000000     .000000
      52    1.920544    1.920544    1.920544     .000000     .000000     .000000
      53    1.920544    1.920544    1.920544     .000000     .000000     .000000
      54    0.960272    0.960272    0.960272     .000000     .000000     .000000
      55    0.960272    0.960272    0.960272     .000000     .000000     .000000
      56    1.920544    1.920544    1.920544     .000000     .000000     .000000
      57    1.920544    1.920544    1.920544     .000000     .000000     .000000
      58    1.920544    1.920544    1.920544     .000000     .000000     .000000
      59    1.920544    1.920544    1.920544     .000000     .000000     .000000
      60    1.920544    1.920544    1.920544     .000000     .000000     .000000
      61    1.920544    1.920544    1.920544     .000000     .000000     .000000
      62    1.920544    1.920544    1.920544     .000000     .000000     .000000
      63    1.920544    1.920544    1.920544     .000000     .000000     .000000
      64    1.920544    1.920544    1.920544     .000000     .000000     .000000
      65    1.920544    1.920544    1.920544     .000000     .000000     .000000
      66    1.920544    1.920544    1.920544     .000000     .000000     .000000
      67    0.960272    0.960272    0.960272     .000000     .000000     .000000
      68    0.960272    0.960272    0.960272     .000000     .000000     .000000
      69    1.920544    1.920544    1.920544     .000000     .000000     .000000
      70    1.920544    1.920544    1.920544     .000000     .000000     .000000
      71    1.920544    1.920544    1.920544     .000000     .000000     .000000
      72    1.920544    1.920544    1.920544     .000000     .000000     .000000
      73    1.920544    1.920544    1.920544     .000000     .000000     .000000
      74    1.920544    1.920544    1.920544     .000000     .000000     .000000
      75    1.920544    1.920544    1.920544     .000000     .000000     .000000
      76    1.920544    1.920544    1.920544     .000000     .000000     .000000
      77    1.920544    1.920544    1.920544     .000000     .000000     .000000
      78    1.920544    1.920544    1.920544     .000000     .000000     .000000
      79    1.920544    1.920544    1.920544     .000000     .000000     .000000
      80    0.960272    0.960272    0.960272     .000000     .000000     .000000
      81    0.960272    0.960272    0.960272     .000000     .000000     .000000
      82    1.920544    1.920544    1.920544     .000000     .000000     .000000
      83    1.920544    1.920544    1.920544     .000000     .000000     .000000
      84    1.920544    1.920544    1.920544     .000000     .000000     .000000
      85    1.920544    1.920544    1.920544     .000000     .000000     .000000
      86    1.920544    1.920544    1.920544     .000000     .000000     .000000
      87    1.920544    1.920544    1.920544     .000000     .000000     .000000
      88    1.920544    1.920544    1.920544     .000000     .000000     .000000
      89    1.920544    1.920544    1.920544     .000000     .000000     .000000
      90    1.920544    1.920544    1.920544     .000000     .000000     .000000
      91    1.920544    1.920544    1.920544     .000000     .000000     .000000
      92    1.920544    1.920544    1.920544     .000000     .000000     .000000
      93    0.960272    0.960272    0.960272     .000000     .000000     .000000
      94    0.960272    0.960272    0.960272     .000000     .000000     .000000
      95    1.920544    1.920544    1.920544     .000000     .000000     .000000
      96    1.920544    1.920544    1.920544     .000000     .000000     .000000
      97    1.920544    1.920544    1.920544     .000000     .000000     .000000
      98    1.920544    1.920544    1.920544     .000000     .000000     .000000
      99    1.920544    1.920544    1.920544     .000000     .000000     .000000
     100    1.920544    1.920544    1.920544     .000000     .000000     .000000
     101    1.920544    1.920544    1.920544     .000000     .000000     .000000
     102    1.920544    1.920544    1.920544     .000000     .000000     .000000
     103    1.920544    1.920544    1.920544     .000000     .000000     .000000
     104    1.920544    1.920544    1.920544     .000000     .000000     .000000
     105    1.920544    1.920544    1.920544     .000000     .000000     .000000
     106    0.960272    0.960272    0.960272     .000000     .000000     .000000
     107    0.960272    0.960272    0.960272     .000000     .000000     .000000
     108    1.920544    1.920544    1.920544     .000000     .000000     .000000
     109    1.920544    1.920544    1.920544     .000000     .000000     .000000
     110    1.920544    1.920544    1.920544     .000000     .000000     .000000
     111    1.920544    1.920544    1.920544     .000000     .000000     .000000
     112    1.920544    1.920544    1.920544     .000000     .000000     .000000
     113    1.920544    1.920544    1.920544     .000000     .000000     .000000
     114    1.920544    1.920544    1.920544     .000000     .000000     .000000
     115    1.920544    1.920544    1.920544     .000000     .000000     .000000
     116    1.920544    1.920544    1.920544     .000000     .000000     .000000
     117    1.920544    1.920544    1.920544     .000000     .000000     .000000
     118    1.920544    1.920544    1.920544     .000000     .000000     .000000
     119    0.960272    0.960272    0.960272     .000000     .000000     .000000
     120    0.960272    0.960272    0.960272     .000000     .000000     .000000
     121    1.920544    1.920544    1.920544     .000000     .000000     .000000
     122    1.920544    1.920544    1.920544     .000000     .000000     .000000
     123    1.920544    1.920544    1.920544     .000000     .000000     .000000
     124    1.920544    1.920544    1.920544     .000000     .000000     .000000
     125    1.920544    1.920544    1.920544     .000000     .000000     .000000
     126    1.920544    1.920544    1.920544     .000000     .000000     .000000
     127    1.920544    1.920544    1.920544     .000000     .000000     .000000
     128    1.920544    1.920544    1.920544     .000000     .000000     .000000
     129    1.920544    1.920544    1.920544     .000000     .000000     .000000
     130    1.920544    1.920544    1.920544     .000000     .000000     .000000
     131    1.920544    1.920544    1.920544     .000000     .000000     .000000
     132    0.960272    0.960272    0.960272     .000000     .000000     .000000
     133    0.960272    0.960272    0.960272     .000000     .000000     .000000
     134    1.920544    1.920544    1.920544     .000000     .000000     .000000
     135    1.920544    1.920544    1.920544     .000000     .000000     .000000
     136    1.920544    1.920544    1.920544     .000000     .000000     .000000
     137    1.920544    1.920544    1.920544     .000000     .000000     .000000
     138    1.920544    1.920544    1.920544     .000000     .000000     .000000
     139    1.920544    1.920544    1.920544     .000000     .000000     .000000
     140    1.920544    1.920544    1.920544     .000000     .000000     .000000
     141    1.920544    1.920544    1.920544     .000000     .000000     .000000
     142    1.920544    1.920544    1.920544     .000000     .000000     .000000
     143    1.920544    1.920544    1.920544     .000000     .000000     .000000
     144    1.920544    1.920544    1.920544     .000000     .000000     .000000
     145    0.960272    0.960272    0.960272     .000000     .000000     .000000
     146    0.960272    0.960272    0.960272     .000000     .000000     .000000
     147    1.920544    1.920544    1.920544     .000000     .000000     .000000
     148    1.920544    1.920544    1.920544     .000000     .000000     .000000
     149    1.920544    1.920544    1.920544     .000000     .000000     .000000
     150    1.920544    1.920544    1.920544     .000000     .000000     .000000
     151    1.920544    1.920544    1.920544     .000000     .000000     .000000
     152    1.920544    1.920544    1.920544     .000000     .000000     .000000
     153    1.920544    1.920544    1.920544     .000000     .000000     .000000
     154    1.920544    1.920544    1.920544     .000000     .000000     .000000
     155    1.920544    1.920544    1.920544     .000000     .000000     .000000
     156    1.920544    1.920544    1.920544     .000000     .000000     .000000
     157    1.920544    1.920544    1.920544     .000000     .000000     .000000
     158    0.960272    0.960272    0.960272     .000000     .000000     .000000
     159    0.960272    0.960272    0.960272     .000000     .000000     .000000
     160    1.920544    1.920544    1.920544     .000000     .000000     .000000
     161    1.920544    1.920544    1.920544     .000000     .000000     .000000
     162    1.920544    1.920544    1.920544     .000000     .000000     .000000
     163    1.920544    1.920544    1.920544     .000000     .000000     .000000
     164    1.920544    1.920544    1.920544     .000000     .000000     .000000
     165    1.920544    1.920544    1.920544     .000000     .000000     .000000
     166    1.920544    1.920544    1.920544     .000000     .000000     .000000
     167    1.920544    1.920544    1.920544     .000000     .000000     .000000
     168    1.920544    1.920544    1.920544     .000000     .000000     .000000
     169    1.920544    1.920544    1.920544     .000000     .000000     .000000
     170    1.920544    1.920544    1.920544     .000000     .000000     .000000
     171    0.960272    0.960272    0.960272     .000000     .000000     .000000
     172    0.960272    0.960272    0.960272     .000000     .000000     .000000
     173    1.920544    1.920544    1.920544     .000000     .000000     .000000
     174    1.920544    1.920544    1.920544     .000000     .000000     .000000
     175    1.920544    1.920544    1.920544     .000000     .000000     .000000
     176    1.920544    1.920544    1.920544     .000000     .000000     .000000
     177    1.920544    1.920544    1.920544     .000000     .000000     .000000
     178    1.920544    1.920544    1.920544     .000000     .000000     .000000
     179    1.920544    1.920544    1.920544     .000000     .000000     .000000
     180    1.920544    1.920544    1.920544     .000000     .000000     .000000
     181    1.920544    1.920544    1.920544     .000000     .000000     .000000
     182    1.920544    1.920544    1.920544     .000000     .000000     .000000
     183    1.920544    1.920544    1.920544     .000000     .000000     .000000
     184    0.960272    0.960272    0.960272     .000000     .000000     .000000
     185    0.960272    0.960272    0.960272     .000000     .000000     .000000
     186    1.920544    1.920544    1.920544     .000000     .000000     .000000
     187    1.920544    1.920544    1.920544     .000000     .000000     .000000
     188    1.920544    1.920544    1.920544     .000000     .000000     .000000
     189    1.920544    1.920544    1.920544     .000000     .000000     .000000
     190    1.920544    1.920544    1.920544     .000000     .000000     .000000
     191    1.920544    1.920544    1.920544     .000000     .000000     .000000
     192    1.920544    1.920544    1.920544     .000000     .000000     .000000
     193    1.920544    1.920544    1.920544     .000000     .000000     .000000
     194    1.920544    1.920544    1.920544     .000000     .000000     .000000
     195    1.920544    1.920544    1.920544     .000000     .000000     .000000
     196    1.920544    1.920544    1.920544     .000000     .000000     .000000
     197    0.960272    0.960272    0.960272     .000000     .000000     .000000
     198    0.960272    0.960272    0.960272     .000000     .000000     .000000
     199    1.920544    1.920544    1.920544     .000000     .000000     .000000
     200    1.920544    1.920544    1.920544     .000000     .000000     .000000
     201    1.920544    1.920544    1.920544     .000000     .000000     .000000
     202    1.920544    1.920544    1.920544     .000000     .000000     .000000
     203    1.920544    1.920544    1.920544     .000000     .000000     .000000
     204    1.920544    1.920544    1.920544     .000000     .000000     .000000
     205    1.920544    1.920544    1.920544     .000000     .000000     .000000
     206    1.920544    1.920544    1.920544     .000000     .000000     .000000
     207    1.920544    1.920544    1.920544     .000000     .000000     .000000
     208    1.920544    1.920544    1.920544     .000000     .000000     .000000
     209    1.920544    1.920544    1.920544     .000000     .000000     .000000
     210    0.960272    0.960272    0.960272     .000000     .000000     .000000
     211    0.960272    0.960272    0.960272     .000000     .000000     .000000
     212    1.920544    1.920544    1.920544     .000000     .000000     .000000
     213    1.920544    1.920544    1.920544     .000000     .000000     .000000
     214    1.920544    1.920544    1.920544     .000000     .000000     .000000
     215    1.920544    1.920544    1.920544     .000000     .000000     .000000
     216    1.920544    1.920544    1.920544     .000000     .000000     .000000
     217    1.920544    1.920544    1.920544     .000000     .000000     .000000
     218    1.920544    1.920544    1.920544     .000000     .000000     .000000
     219    1.920544    1.920544    1.920544     .000000     .000000     .000000
     220    1.920544    1.920544    1.920544     .000000     .000000     .000000
     221    1.920544    1.920544    1.920544     .000000     .000000     .000000
     222    1.920544    1.920544    1.920544     .000000     .000000     .000000
     223    0.960272    0.960272    0.960272     .000000     .000000     .000000
     224    0.960272    0.960272    0.960272     .000000     .000000     .000000
     225    1.920544    1.920544    1.920544     .000000     .000000     .000000
     226    1.920544    1.920544    1.920544     .000000     .000000     .000000
     227    1.920544    1.920544    1.920544     .000000     .000000     .000000
     228    1.920544    1.920544    1.920544     .000000     .000000     .000000
     229    1.920544    1.920544    1.920544     .000000     .000000     .000000
     230    1.920544    1.920544    1.920544     .000000     .000000     .000000
     231    1.920544    1.920544    1.920544     .000000     .000000     .000000
     232    1.920544    1.920544    1.920544     .000000     .000000     .000000
     233    1.920544    1.920544    1.920544     .000000     .000000     .000000
     234    1.920544    1.920544    1.920544     .000000     .000000     .000000
     235    1.920544    1.920544    1.920544     .000000     .000000     .000000
     236    0.960272    0.960272    0.960272     .000000     .000000     .000000
     237    0.960272    0.960272    0.960272     .000000     .000000     .000000
     238    1.920544    1.920544    1.920544     .000000     .000000     .000000
     239    1.920544    1.920544    1.920544     .000000     .000000     .000000
     240    1.920544    1.920544    1.920544     .000000     .000000     .000000
     241    1.920544    1.920544    1.920544     .000000     .000000     .000000
     242    1.920544    1.920544    1.920544     .000000     .000000     .000000
     243    1.920544    1.920544    1.920544     .000000     .000000     .000000
     244    1.920544    1.920544    1.920544     .000000     .000000     .000000
     245    1.920544    1.920544    1.920544     .000000     .000000     .000000
     246    1.920544    1.920544    1.920544     .000000     .000000     .000000
     247    1.920544    1.920544    1.920544     .000000     .000000     .000000
     248    1.920544    1.920544    1.920544     .000000     .000000     .000000
     249    0.960272    0.960272    0.960272     .000000     .000000     .000000
     250    0.960272    0.960272    0.960272     .000000     .000000     .000000
     251    1.920544    1.920544    1.920544     .000000     .000000     .000000
     252    1.920544    1.920544    1.920544     .000000     .000000     .000000
     253    1.920544    1.920544    1.920544     .000000     .000000     .000000
     254    1.920544    1.920544    1.920544     .000000     .000000     .000000
     255    1.920544    1.920544    1.920544     .000000     .000000     .000000
     256    1.920544    1.920544    1.920544     .000000     .000000     .000000
     257    1.920544    1.920544    1.920544     .000000     .000000     .000000
     258    1.920544    1.920544    1.920544     .000000     .000000     .000000
     259    1.920544    1.920544    1.920544     .000000     .000000     .000000
     260    1.920544    1.920544    1.920544     .000000     .000000     .000000
     261    1.920544    1.920544    1.920544     .000000     .000000     .000000
     262    0.960272    0.960272    0.960272     .000000     .000000     .000000
     263    0.960272    0.960272    0.960272     .000000     .000000     .000000
     264    1.920544    1.920544    1.920544     .000000     .000000     .000000
     265    1.920544    1.920544    1.920544     .000000     .000000     .000000
     266    1.920544    1.920544    1.920544     .000000     .000000     .000000
     267    1.920544    1.920544    1.920544     .000000     .000000     .000000
     268    1.920544    1.920544    1.920544     .000000     .000000     .000000
     269    1.920544    1.920544    1.920544     .000000     .000000     .000000
     270    1.920544    1.920544    1.920544     .000000     .000000     .000000
     271    1.920544    1.920544    1.920544     .000000     .000000     .000000
     272    1.920544    1.920544    1.920544     .000000     .000000     .000000
     273    1.920544    1.920544    1.920544     .000000     .000000     .000000
     274    1.920544    1.920544    1.920544     .000000     .000000     .000000
     275    0.960272    0.960272    0.960272     .000000     .000000     .000000
     276    0.960272    0.960272    0.960272     .000000     .000000     .000000
     277    1.920544    1.920544    1.920544     .000000     .000000     .000000
     278    1.920544    1.920544    1.920544     .000000     .000000     .000000
     279    1.920544    1.920544    1.920544     .000000     .000000     .000000
     280    1.920544    1.920544    1.920544     .000000     .000000     .000000
     281    1.920544    1.920544    1.920544     .000000     .000000     .000000
     282    1.920544    1.920544    1.920544     .000000     .000000     .000000
     283    1.920544    1.920544    1.920544     .000000     .000000     .000000
     284    1.920544    1.920544    1.920544     .000000     .000000     .000000
     285    1.920544    1.920544    1.920544     .000000     .000000     .000000
     286    1.920544    1.920544    1.920544     .000000     .000000     .000000
     287    1.920544    1.920544    1.920544     .000000     .000000     .000000
     288    0.960272    0.960272    0.960272     .000000     .000000     .000000
     289    0.960272    0.960272    0.960272     .000000     .000000     .000000
     290    1.920544    1.920544    1.920544     .000000     .000000     .000000
     291    1.920544    1.920544    1.920544     .000000     .000000     .000000
     292    1.920544    1.920544    1.920544     .000000     .000000     .000000
     293    1.920544    1.920544    1.920544     .000000     .000000     .000000
     294    1.920544    1.920544    1.920544     .000000     .000000     .000000
     295    1.920544    1.920544    1.920544     .000000     .000000     .000000
     296    1.920544    1.920544    1.920544     .000000     .000000     .000000
     297    1.920544    1.920544    1.920544     .000000     .000000     .000000
     298    1.920544    1.920544    1.920544     .000000     .000000     .000000
     299    1.920544    1.920544    1.920544     .000000     .000000     .000000
     300    1.920544    1.920544    1.920544     .000000     .000000     .000000
     301    0.960272    0.960272    0.960272     .000000     .000000     .000000
     302    0.960272    0.960272    0.960272     .000000     .000000     .000000
     303    1.920544    1.920544    1.920544     .000000     .000000     .000000
     304    1.920544    1.920544    1.920544     .000000     .000000     .000000
     305    1.920544    1.920544    1.920544     .000000     .000000     .000000
     306    1.920544    1.920544    1.920544     .000000     .000000     .000000
     307    1.920544    1.920544    1.920544     .000000     .000000     .000000
     308    1.920544    1.920544    1.920544     .000000     .000000     .000000
     309    1.920544    1.920544    1.920544     .000000     .000000     .000000
     310    1.920544    1.920544    1.920544     .000000     .000000     .000000
     311    1.920544    1.920544    1.920544     .000000     .000000     .000000
     312    1.920544    1.920544    1.920544     .000000     .000000     .000000
     313    1.920544    1.920544    1.920544     .000000     .000000     .000000
     314    0.960272    0.960272    0.960272     .000000     .000000     .000000
     315    0.960272    0.960272    0.960272     .000000     .000000     .000000
     316    1.920544    1.920544    1.920544     .000000     .000000     .000000
     317    1.920544    1.920544    1.920544     .000000     .000000     .000000
     318    1.920544    1.920544    1.920544     .000000     .000000     .000000
     319    1.920544    1.920544    1.920544     .000000     .000000     .000000
     320    1.920544    1.920544    1.920544     .000000     .000000     .000000
     321    1.920544    1.920544    1.920544     .000000     .000000     .000000
     322    1.920544    1.920544    1.920544     .000000     .000000     .000000
     323    1.920544    1.920544    1.920544     .000000     .000000     .000000
     324    1.920544    1.920544    1.920544     .000000     .000000     .000000
     325    1.920544    1.920544    1.920544     .000000     .000000     .000000
     326    1.920544    1.920544    1.920544     .000000     .000000     .000000
     327    0.960272    0.960272    0.960272     .000000     .000000     .000000
     328    0.960272    0.960272    0.960272     .000000     .000000     .000000
     329    1.920544    1.920544    1.920544     .000000     .000000     .000000
     330    1.920544    1.920544    1.920544     .000000     .000000     .000000
     331    1.920544    1.920544    1.920544     .000000     .000000     .000000
     332    1.920544    1.920544    1.920544     .000000     .000000     .000000
     333    1.920544    1.920544    1.920544     .000000     .000000     .000000
     334    1.920544    1.920544    1.920544     .000000     .000000     .000000
     335    1.920544    1.920544    1.920544     .000000     .000000     .000000
     336    1.920544    1.920544    1.920544     .000000     .000000     .000000
     337    1.920544    1.920544    1.920544     .000000     .000000     .000000
     338    1.920544    1.920544    1.920544     .000000     .000000     .000000
     339    1.920544    1.920544    1.920544     .000000     .000000     .000000
     340    0.960272    0.960272    0.960272     .000000     .000000     .000000
     341    0.960272    0.960272    0.960272     .000000     .000000     .000000
     342    1.920544    1.920544    1.920544     .000000     .000000     .000000
     343    1.920544    1.920544    1.920544     .000000     .000000     .000000
     344    1.920544    1.920544    1.920544     .000000     .000000     .000000
     345    1.920544    1.920544    1.920544     .000000     .000000     .000000
     346    1.920544    1.920544    1.920544     .000000     .000000     .000000
     347    1.920544    1.920544    1.920544     .000000     .000000     .000000
     348    1.920544    1.920544    1.920544     .000000     .000000     .000000
     349    1.920544    1.920544    1.920544     .000000     .000000     .000000
     350    1.920544    1.920544    1.920544     .000000     .000000     .000000
     351    1.920544    1.920544    1.920544     .000000     .000000     .000000
     352    1.920544    1.920544    1.920544     .000000     .000000     .000000
     353    0.960272    0.960272    0.960272     .000000     .000000     .000000
     354    0.960272    0.960272    0.960272     .000000     .000000     .000000
     355    1.920544    1.920544    1.920544     .000000     .000000     .000000
     356    1.920544    1.920544    1.920544     .000000     .000000     .000000
     357    1.920544    1.920544    1.920544     .000000     .000000     .000000
     358    1.920544    1.920544    1.920544     .000000     .000000     .000000
     359    1.920544    1.920544    1.920544     .000000     .000000     .000000
     360    1.920544    1.920544    1.920544     .000000     .000000     .000000
     361    1.920544    1.920544    1.920544     .000000     .000000     .000000
     362    1.920544    1.920544    1.920544     .000000     .000000     .000000
     363    1.920544    1.920544    1.920544     .000000     .000000     .000000
     364    1.920544    1.920544    1.920544     .000000     .000000     .000000
     365    1.920544    1.920544    1.920544     .000000     .000000     .000000
     366    0.960272    0.960272    0.960272     .000000     .000000     .000000
     367    0.960272    0.960272    0.960272     .000000     .000000     .000000
     368    1.920544    1.920544    1.920544     .000000     .000000     .000000
     369    1.920544    1.920544    1.920544     .000000     .000000     .000000
     370    1.920544    1.920544    1.920544     .000000     .000000     .000000
     371    1.920544    1.920544    1.920544     .000000     .000000     .000000
     372    1.920544    1.920544    1.920544     .000000     .000000     .000000
     373    1.920544    1.920544    1.920544     .000000     .000000     .000000
     374    1.920544    1.920544    1.920544     .000000     .000000     .000000
     375    1.920544    1.920544    1.920544     .000000     .000000     .000000
     376    1.920544    1.920544    1.920544     .000000     .000000     .000000
     377    1.920544    1.920544    1.920544     .000000     .000000     .000000
     378    1.920544    1.920544    1.920544     .000000     .000000     .000000
     379    0.960272    0.960272    0.960272     .000000     .000000     .000000
     380    0.960272    0.960272    0.960272     .000000     .000000     .000000
     381    1.920544    1.920544    1.920544     .000000     .000000     .000000
     382    1.920544    1.920544    1.920544     .000000     .000000     .000000
     383    1.920544    1.920544    1.920544     .000000     .000000     .000000
     384    1.920544    1.920544    1.920544     .000000     .000000     .000000
     385    1.920544    1.920544    1.920544     .000000     .000000     .000000
     386    1.920544    1.920544    1.920544     .000000     .000000     .000000
     387    1.920544    1.920544    1.920544     .000000     .000000     .000000
     388    1.920544    1.920544    1.920544     .000000     .000000     .000000
     389    1.920544    1.920544    1.920544     .000000     .000000     .000000
     390    1.920544    1.920544    1.920544     .000000     .000000     .000000
     391    1.920544    1.920544    1.920544     .000000     .000000     .000000
     392    0.960272    0.960272    0.960272     .000000     .000000     .000000
     393    0.960272    0.960272    0.960272     .000000     .000000     .000000
     394    1.920544    1.920544    1.920544     .000000     .000000     .000000
     395    1.920544    1.920544    1.920544     .000000     .000000     .000000
     396    1.920544    1.920544    1.920544     .000000     .000000     .000000
     397    1.920544    1.920544    1.920544     .000000     .000000     .000000
     398    1.920544    1.920544    1.920544     .000000     .000000     .000000
     399    1.920544    1.920544    1.920544     .000000     .000000     .000000
     400    1.920544    1.920544    1.920544     .000000     .000000     .000000
     401    1.920544    1.920544    1.920544     .000000     .000000     .000000
     402    1.920544    1.920544    1.920544     .000000     .000000     .000000
     403    1.920544    1.920544    1.920544     .000000     .000000     .000000
     404    1.920544    1.920544    1.920544     .000000     .000000     .000000
     405    0.960272    0.960272    0.960272     .000000     .000000     .000000
     406    0.960272    0.960272    0.960272     .000000     .000000     .000000
     407    1.920544    1.920544    1.920544     .000000     .000000     .000000
     408    1.920544    1.920544    1.920544     .000000     .000000     .000000
     409    1.920544    1.920544    1.920544     .000000     .000000     .000000
     410    1.920544    1.920544    1.920544     .000000     .000000     .000000
     411    1.920544    1.920544    1.920544     .000000     .000000     .000000
     412    1.920544    1.920544    1.920544     .000000     .000000     .000000
     413    1.920544    1.920544    1.920544     .000000     .000000     .000000
     414    1.920544    1.920544    1.920544     .000000     .000000     .000000
     415    1.920544    1.920544    1.920544     .000000     .000000     .000000
     416    1.920544    1.920544    1.920544     .000000     .000000     .000000
     417    1.920544    1.920544    1.920544     .000000     .000000     .000000
     418    0.960272    0.960272    0.960272     .000000     .000000     .000000
     419    0.960272    0.960272    0.960272     .000000     .000000     .000000
     420    1.920544    1.920544    1.920544     .000000     .000000     .000000
     421    1.920544    1.920544    1.920544     .000000     .000000     .000000
     422    1.920544    1.920544    1.920544     .000000     .000000     .000000
     423    1.920544    1.920544    1.920544     .000000     .000000     .000000
     424    1.920544    1.920544    1.920544     .000000     .000000     .000000
     425    1.920544    1.920544    1.920544     .000000     .000000     .000000
     426    1.920544    1.920544    1.920544     .000000     .000000     .000000
     427    1.920544    1.920544    1.920544     .000000     .000000     .000000
     428    1.920544    1.920544    1.920544     .000000     .000000     .000000
     429    1.920544    1.920544    1.920544     .000000     .000000     .000000
     430    1.920544    1.920544    1.920544     .000000     .000000     .000000
     431    0.960272    0.960272    0.960272     .000000     .000000     .000000
     432    0.960272    0.960272    0.960272     .000000     .000000     .000000
     433    1.920544    1.920544    1.920544     .000000     .000000     .000000
     434    1.920544    1.920544    1.920544     .000000     .000000     .000000
     435    1.920544    1.920544    1.920544     .000000     .000000     .000000
     436    1.920544    1.920544    1.920544     .000000     .000000     .000000
     437    1.920544    1.920544    1.920544     .000000     .000000     .000000
     438    1.920544    1.920544    1.920544     .000000     .000000     .000000
     439    1.920544    1.920544    1.920544     .000000     .000000     .000000
     440    1.920544    1.920544    1.920544     .000000     .000000     .000000
     441    1.920544    1.920544    1.920544     .000000     .000000     .000000
     442    1.920544    1.920544    1.920544     .000000     .000000     .000000
     443    1.920544    1.920544    1.920544     .000000     .000000     .000000
     444    0.960272    0.960272    0.960272     .000000     .000000     .000000
     445    0.960272    0.960272    0.960272     .000000     .000000     .000000
     446    1.920544    1.920544    1.920544     .000000     .000000     .000000
     447    1.920544    1.920544    1.920544     .000000     .000000     .000000
     448    1.920544    1.920544    1.920544     .000000     .000000     .000000
     449    1.920544    1.920544    1.920544     .000000     .000000     .000000
     450    1.920544    1.920544    1.920544     .000000     .000000     .000000
     451    1.920544    1.920544    1.920544     .000000     .000000     .000000
     452    1.920544    1.920544    1.920544     .000000     .000000     .000000
     453    1.920544    1.920544    1.920544     .000000     .000000     .000000
     454    1.920544    1.920544    1.920544     .000000     .000000     .000000
     455    1.920544    1.920544    1.920544     .000000     .000000     .000000
     456    1.920544    1.920544    1.920544     .000000     .000000     .000000
     457    0.960272    0.960272    0.960272     .000000     .000000     .000000
     458    0.960272    0.960272    0.960272     .000000     .000000     .000000
     459    1.920544    1.920544    1.920544     .000000     .000000     .000000
     460    1.920544    1.920544    1.920544     .000000     .000000     .000000
     461    1.920544    1.920544    1.920544     .000000     .000000     .000000
     462    1.920544    1.920544    1.920544     .000000     .000000     .000000
     463    1.920544    1.920544    1.920544     .000000     .000000     .000000
     464    1.920544    1.920544    1.920544     .000000     .000000     .000000
     465    1.920544    1.920544    1.920544     .000000     .000000     .000000
     466    1.920544    1.920544    1.920544     .000000     .000000     .000000
     467    1.920544    1.920544    1.920544     .000000     .000000     .000000
     468    1.920544    1.920544    1.920544     .000000     .000000     .000000
     469    1.920544    1.920544    1.920544     .000000     .000000     .000000
     470    0.960272    0.960272    0.960272     .000000     .000000     .000000
     471    0.960272    0.960272    0.960272     .000000     .000000     .000000
     472    1.920544    1.920544    1.920544     .000000     .000000     .000000
     473    1.920544    1.920544    1.920544     .000000     .000000     .000000
     474    1.920544    1.920544    1.920544     .000000     .000000     .000000
     475    1.920544    1.920544    1.920544     .000000     .000000     .000000
     476    1.920544    1.920544    1.920544     .000000     .000000     .000000
     477    1.920544    1.920544    1.920544     .000000     .000000     .000000
     478    1.920544    1.920544    1.920544     .000000     .000000     .000000
     479    1.920544    1.920544    1.920544     .000000     .000000     .000000
     480    1.920544    1.920544    1.920544     .000000     .000000     .000000
     481    1.920544    1.920544    1.920544     .000000     .000000     .000000
     482    1.920544    1.920544    1.920544     .000000     .000000     .000000
     483    0.960272    0.960272    0.960272     .000000     .000000     .000000
     484    0.960272    0.960272    0.960272     .000000     .000000     .000000
     485    1.920544    1.920544    1.920544     .000000     .000000     .000000
     486    1.920544    1.920544    1.920544     .000000     .000000     .000000
     487    1.920544    1.920544    1.920544     .000000     .000000     .000000
     488    1.920544    1.920544    1.920544     .000000     .000000     .000000
     489    1.920544    1.920544    1.920544     .000000     .000000     .000000
     490    1.920544    1.920544    1.920544     .000000     .000000     .000000
     491    1.920544    1.920544    1.920544     .000000     .000000     .000000
     492    1.920544    1.920544    1.920544     .000000     .000000     .000000
     493    1.920544    1.920544    1.920544     .000000     .000000     .000000
     494    1.920544    1.920544    1.920544     .000000     .000000     .000000
     495    1.920544    1.920544    1.920544     .000000     .000000     .000000
     496    0.960272    0.960272    0.960272     .000000     .000000     .000000
     497    0.960272    0.960272    0.960272     .000000     .000000     .000000
     498    1.920544    1.920544    1.920544     .000000     .000000     .000000
     499    1.920544    1.920544    1.920544     .000000     .000000     .000000
     500    1.920544    1.920544    1.920544     .000000     .000000     .000000
     501    1.920544    1.920544    1.920544     .000000     .000000     .000000
     502    1.920544    1.920544    1.920544     .000000     .000000     .000000
     503    1.920544    1.920544    1.920544     .000000     .000000     .000000
     504    1.920544    1.920544    1.920544     .000000     .000000     .000000
     505    1.920544    1.920544    1.920544     .000000     .000000     .000000
     506    1.920544    1.920544    1.920544     .000000     .000000     .000000
     507    1.920544    1.920544    1.920544     .000000     .000000     .000000
     508    1.920544    1.920544    1.920544     .000000     .000000     .000000
     509    0.960272    0.960272    0.960272     .000000     .000000     .000000
     510    0.960272    0.960272    0.960272     .000000     .000000     .000000
     511    1.920544    1.920544    1.920544     .000000     .000000     .000000
     512    1.920544    1.920544    1.920544     .000000     .000000     .000000
     513    1.920544    1.920544    1.920544     .000000     .000000     .000000
     514    1.920544    1.920544    1.920544     .000000     .000000     .000000
     515    1.920544    1.920544    1.920544     .000000     .000000     .000000
     516    1.920544    1.920544    1.920544     .000000     .000000     .000000
     517    1.920544    1.920544    1.920544     .000000     .000000     .000000
     518    1.920544    1.920544    1.920544     .000000     .000000     .000000
     519    1.920544    1.920544    1.920544     .000000     .000000     .000000
     520    1.920544    1.920544    1.920544     .000000     .000000     .000000
     521    1.920544    1.920544    1.920544     .000000     .000000     .000000
     522    0.960272    0.960272    0.960272     .000000     .000000     .000000
     523    0.960272    0.960272    0.960272     .000000     .000000     .000000
     524    1.920544    1.920544    1.920544     .000000     .000000     .000000
     525    1.920544    1.920544    1.920544     .000000     .000000     .000000
     526    1.920544    1.920544    1.920544     .000000     .000000     .000000
     527    1.920544    1.920544    1.920544     .000000     .000000     .000000
     528    1.920544    1.920544    1.920544     .000000     .000000     .000000
     529    1.920544    1.920544    1.920544     .000000     .000000     .000000
     530    1.920544    1.920544    1.920544     .000000     .000000     .000000
     531    1.920544    1.920544    1.920544     .000000     .000000     .000000
     532    1.920544    1.920544    1.920544     .000000     .000000     .000000
     533    1.920544    1.920544    1.920544     .000000     .000000     .000000
     534    1.920544    1.920544    1.920544     .000000     .000000     .000000
     535    0.960272    0.960272    0.960272     .000000     .000000     .000000
     536    0.960272    0.960272    0.960272     .000000     .000000     .000000
     537    1.920544    1.920544    1.920544     .000000     .000000     .000000
     538    1.920544    1.920544    1.920544     .000000     .000000     .000000
     539    1.920544    1.920544    1.920544     .000000     .000000     .000000
     540    1.920544    1.920544    1.920544     .000000     .000000     .000000
     541    1.920544    1.920544    1.920544     .000000     .000000     .000000
     542    1.920544    1.920544    1.920544     .000000     .000000     .000000
     543    1.920544    1.920544    1.920544     .000000     .000000     .000000
     544    1.920544    1.920544    1.920544     .000000     .000000     .000000
     545    1.920544    1.920544    1.920544     .000000     .000000     .000000
     546    1.920544    1.920544    1.920544     .000000     .000000     .000000
     547    1.920544    1.920544    1.920544     .000000     .000000     .000000
     548    0.960272    0.960272    0.960272     .000000     .000000     .000000
     549    0.960272    0.960272    0.960272     .000000     .000000     .000000
     550    1.920544    1.920544    1.920544     .000000     .000000     .000000
     551    1.920544    1.920544    1.920544     .000000     .000000     .000000
     552    1.920544    1.920544    1.920544     .000000     .000000     .000000
     553    1.920544    1.920544    1.920544     .000000     .000000     .000000
     554    1.920544    1.920544    1.920544     .000000     .000000     .000000
     555    1.920544    1.920544    1.920544     .000000     .000000     .000000
     556    1.920544    1.920544    1.920544     .000000     .000000     .000000
     557    1.920544    1.920544    1.920544     .000000     .000000     .000000
     558    1.920544    1.920544    1.920544     .000000     .000000     .000000
     559    1.920544    1.920544    1.920544     .000000     .000000     .000000
     560    1.920544    1.920544    1.920544     .000000     .000000     .000000
     561    0.960272    0.960272    0.960272     .000000     .000000     .000000
     562    0.960272    0.960272    0.960272     .000000     .000000     .000000
     563    1.920544    1.920544    1.920544     .000000     .000000     .000000
     564    1.920544    1.920544    1.920544     .000000     .000000     .000000
     565    1.920544    1.920544    1.920544     .000000     .000000     .000000
     566    1.920544    1.920544    1.920544     .000000     .000000     .000000
     567    1.920544    1.920544    1.920544     .000000     .000000     .000000
     568    1.920544    1.920544    1.920544     .000000     .000000     .000000
     569    1.920544    1.920544    1.920544     .000000     .000000     .000000
     570    1.920544    1.920544    1.920544     .000000     .000000     .000000
     571    1.920544    1.920544    1.920544     .000000     .000000     .000000
     572    1.920544    1.920544    1.920544     .000000     .000000     .000000
     573    1.920544    1.920544    1.920544     .000000     .000000     .000000
     574    0.960272    0.960272    0.960272     .000000     .000000     .000000
     575    0.960272    0.960272    0.960272     .000000     .000000     .000000
     576    1.920544    1.920544    1.920544     .000000     .000000     .000000
     577    1.920544    1.920544    1.920544     .000000     .000000     .000000
     578    1.920544    1.920544    1.920544     .000000     .000000     .000000
     579    1.920544    1.920544    1.920544     .000000     .000000     .000000
     580    1.920544    1.920544    1.920544     .000000     .000000     .000000
     581    1.920544    1.920544    1.920544     .000000     .000000     .000000
     582    1.920544    1.920544    1.920544     .000000     .000000     .000000
     583    1.920544    1.920544    1.920544     .000000     .000000     .000000
     584    1.920544    1.920544    1.920544     .000000     .000000     .000000
     585    1.920544    1.920544    1.920544     .000000     .000000     .000000
     586    1.920544    1.920544    1.920544     .000000     .000000     .000000
     587    0.960272    0.960272    0.960272     .000000     .000000     .000000
     588    0.960272    0.960272    0.960272     .000000     .000000     .000000
     589    1.920544    1.920544    1.920544     .000000     .000000     .000000
     590    1.920544    1.920544    1.920544     .000000     .000000     .000000
     591    1.920544    1.920544    1.920544     .000000     .000000     .000000
     592    1.920544    1.920544    1.920544     .000000     .000000     .000000
     593    1.920544    1.920544    1.920544     .000000     .000000     .000000
     594    1.920544    1.920544    1.920544     .000000     .000000     .000000
     595    1.920544    1.920544    1.920544     .000000     .000000     .000000
     596    1.920544    1.920544    1.920544     .000000     .000000     .000000
     597    1.920544    1.920544    1.920544     .000000     .000000     .000000
     598    1.920544    1.920544    1.920544     .000000     .000000     .000000
     599    1.920544    1.920544    1.920544     .000000     .000000     .000000
     600    0.960272    0.960272    0.960272     .000000     .000000     .000000
     601    0.960272    0.960272    0.960272     .000000     .000000     .000000
     602    1.920544    1.920544    1.920544     .000000     .000000     .000000
     603    1.920544    1.920544    1.920544     .000000     .000000     .000000
     604    1.920544    1.920544    1.920544     .000000     .000000     .000000
     605    1.920544    1.920544    1.920544     .000000     .000000     .000000
     606    1.920544    1.920544    1.920544     .000000     .000000     .000000
     607    1.920544    1.920544    1.920544     .000000     .000000     .000000
     608    1.920544    1.920544    1.920544     .000000     .000000     .000000
     609    1.920544    1.920544    1.920544     .000000     .000000     .000000
     610    1.920544    1.920544    1.920544     .000000     .000000     .000000
     611    1.920544    1.920544    1.920544     .000000     .000000     .000000
     612    1.920544    1.920544    1.920544     .000000     .000000     .000000
     613    0.960272    0.960272    0.960272     .000000     .000000     .000000
     614    0.960272    0.960272    0.960272     .000000     .000000     .000000
     615    1.920544    1.920544    1.920544     .000000     .000000     .000000
     616    1.920544    1.920544    1.920544     .000000     .000000     .000000
     617    1.920544    1.920544    1.920544     .000000     .000000     .000000
     618    1.920544    1.920544    1.920544     .000000     .000000     .000000
     619    1.920544    1.920544    1.920544     .000000     .000000     .000000
     620    1.920544    1.920544    1.920544     .000000     .000000     .000000
     621    1.920544    1.920544    1.920544     .000000     .000000     .000000
     622    1.920544    1.920544    1.920544     .000000     .000000     .000000
     623    1.920544    1.920544    1.920544     .000000     .000000     .000000
     624    1.920544    1.920544    1.920544     .000000     .000000     .000000
     625    1.920544    1.920544    1.920544     .000000     .000000     .000000
     626    0.960272    0.960272    0.960272     .000000     .000000     .000000
     627    0.960272    0.960272    0.960272     .000000     .000000     .000000
     628    1.920544    1.920544    1.920544     .000000     .000000     .000000
     629    1.920544    1.920544    1.920544     .000000     .000000     .000000
     630    1.920544    1.920544    1.920544     .000000     .000000     .000000
     631    1.920544    1.920544    1.920544     .000000     .000000     .000000
     632    1.920544    1.920544    1.920544     .000000     .000000     .000000
     633    1.920544    1.920544    1.920544     .000000     .000000     .000000
     634    1.920544    1.920544    1.920544     .000000     .000000     .000000
     635    1.920544    1.920544    1.920544     .000000     .000000     .000000
     636    1.920544    1.920544    1.920544     .000000     .000000     .000000
     637    1.920544    1.920544    1.920544     .000000     .000000     .000000
     638    1.920544    1.920544    1.920544     .000000     .000000     .000000
     639    0.960272    0.960272    0.960272     .000000     .000000     .000000
     640    0.960272    0.960272    0.960272     .000000     .000000     .000000
     641    1.920544    1.920544    1.920544     .000000     .000000     .000000
     642    1.920544    1.920544    1.920544     .000000     .000000     .000000
     643    1.920544    1.920544    1.920544     .000000     .000000     .000000
     644    1.920544    1.920544    1.920544     .000000     .000000     .000000
     645    1.920544    1.920544    1.920544     .000000     .000000     .000000
     646    1.920544    1.920544    1.920544     .000000     .000000     .000000
     647    1.920544    1.920544    1.920544     .000000     .000000     .000000
     648    1.920544    1.920544    1.920544     .000000     .000000     .000000
     649    1.920544    1.920544    1.920544     .000000     .000000     .000000
     650    1.920544    1.920544    1.920544     .000000     .000000     .000000
     651    1.920544    1.920544    1.920544     .000000     .000000     .000000
     652    0.960272    0.960272    0.960272     .000000     .000000     .000000
     653    0.960272    0.960272    0.960272     .000000     .000000     .000000
     654    1.920544    1.920544    1.920544     .000000     .000000     .000000
     655    1.920544    1.920544    1.920544     .000000     .000000     .000000
     656    1.920544    1.920544    1.920544     .000000     .000000     .000000
     657    1.920544    1.920544    1.920544     .000000     .000000     .000000
     658    1.920544    1.920544    1.920544     .000000     .000000     .000000
     659    1.920544    1.920544    1.920544     .000000     .000000     .000000
     660    1.920544    1.920544    1.920544     .000000     .000000     .000000
     661    1.920544    1.920544    1.920544     .000000     .000000     .000000
     662    1.920544    1.920544    1.920544     .000000     .000000     .000000
     663    1.920544    1.920544    1.920544     .000000     .000000     .000000
     664    1.920544    1.920544    1.920544     .000000     .000000     .000000
     665    0.960272    0.960272    0.960272     .000000     .000000     .000000
     666    0.960272    0.960272    0.960272     .000000     .000000     .000000
     667    1.920544    1.920544    1.920544     .000000     .000000     .000000
     668    1.920544    1.920544    1.920544     .000000     .000000     .000000
     669    1.920544    1.920544    1.920544     .000000     .000000     .000000
     670    1.920544    1.920544    1.920544     .000000     .000000     .000000
     671    1.920544    1.920544    1.920544     .000000     .000000     .000000
     672    1.920544    1.920544    1.920544     .000000     .000000     .000000
     673    1.920544    1.920544    1.920544     .000000     .000000     .000000
     674    1.920544    1.920544    1.920544     .000000     .000000     .000000
     675    1.920544    1.920544    1.920544     .000000     .000000     .000000
     676    1.920544    1.920544    1.920544     .000000     .000000     .000000
     677    1.920544    1.920544    1.920544     .000000     .000000     .000000
     678    0.960272    0.960272    0.960272     .000000     .000000     .000000
     679    0.960272    0.960272    0.960272     .000000     .000000     .000000
     680    1.920544    1.920544    1.920544     .000000     .000000     .000000
     681    1.920544    1.920544    1.920544     .000000     .000000     .000000
     682    1.920544    1.920544    1.920544     .000000     .000000     .000000
     683    1.920544    1.920544    1.920544     .000000     .000000     .000000
     684    1.920544    1.920544    1.920544     .000000     .000000     .000000
     685    1.920544    1.920544    1.920544     .000000     .000000     .000000
     686    1.920544    1.920544    1.920544     .000000     .000000     .000000
     687    1.920544    1.920544    1.920544     .000000     .000000     .000000
     688    1.920544    1.920544    1.920544     .000000     .000000     .000000
     689    1.920544    1.920544    1.920544     .000000     .000000     .000000
     690    1.920544    1.920544    1.920544     .000000     .000000     .000000
     691    0.960272    0.960272    0.960272     .000000     .000000     .000000
     692    0.960272    0.960272    0.960272     .000000     .000000     .000000
     693    1.920544    1.920544    1.920544     .000000     .000000     .000000
     694    1.920544    1.920544    1.920544     .000000     .000000     .000000
     695    1.920544    1.920544    1.920544     .000000     .000000     .000000
     696    1.920544    1.920544    1.920544     .000000     .000000     .000000
     697    1.920544    1.920544    1.920544     .000000     .000000     .000000
     698    1.920544    1.920544    1.920544     .000000     .000000     .000000
     699    1.920544    1.920544    1.920544     .000000     .000000     .000000
     700    1.920544    1.920544    1.920544     .000000     .000000     .000000
     701    1.920544    1.920544    1.920544     .000000     .000000     .000000
     702    1.920544    1.920544    1.920544     .000000     .000000     .000000
     703    1.920544    1.920544    1.920544     .000000     .000000     .000000
     704    0.960272    0.960272    0.960272     .000000     .000000     .000000
     705    0.960272    0.960272    0.960272     .000000     .000000     .000000
     706    1.920544    1.920544    1.920544     .000000     .000000     .000000
     707    1.920544    1.920544    1.920544     .000000     .000000     .000000
     708    1.920544    1.920544    1.920544     .000000     .000000     .000000
     709    1.920544    1.920544    1.920544     .000000     .000000     .000000
     710    1.920544    1.920544    1.920544     .000000     .000000     .000000
     711    1.920544    1.920544    1.920544     .000000     .000000     .000000
     712    1.920544    1.920544    1.920544     .000000     .000000     .000000
     713    1.920544    1.920544    1.920544     .000000     .000000     .000000
     714    1.920544    1.920544    1.920544     .000000     .000000     .000000
     715    1.920544    1.920544    1.920544     .000000     .000000     .000000
     716    1.920544    1.920544    1.920544     .000000     .000000     .000000
     717    0.960272    0.960272    0.960272     .000000     .000000     .000000
     718    0.960272    0.960272    0.960272     .000000     .000000     .000000
     719    1.920544    1.920544    1.920544     .000000     .000000     .000000
     720    1.920544    1.920544    1.920544     .000000     .000000     .000000
     721    1.920544    1.920544    1.920544     .000000     .000000     .000000
     722    1.920544    1.920544    1.920544     .000000     .000000     .000000
     723    1.920544    1.920544    1.920544     .000000     .000000     .000000
     724    1.920544    1.920544    1.920544     .000000     .000000     .000000
     725    1.920544    1.920544    1.920544     .000000     .000000     .000000
     726    1.920544    1.920544    1.920544     .000000     .000000     .000000
     727    1.920544    1.920544    1.920544     .000000     .000000     .000000
     728    1.920544    1.920544    1.920544     .000000     .000000     .000000
     729    1.920544    1.920544    1.920544     .000000     .000000     .000000
     730    0.960272    0.960272    0.960272     .000000     .000000     .000000
     731    0.960272    0.960272    0.960272     .000000     .000000     .000000
     732    1.920544    1.920544    1.920544     .000000     .000000     .000000
     733    1.920544    1.920544    1.920544     .000000     .000000     .000000
     734    1.920544    1.920544    1.920544     .000000     .000000     .000000
     735    1.920544    1.920544    1.920544     .000000     .000000     .000000
     736    1.920544    1.920544    1.920544     .000000     .000000     .000000
     737    1.920544    1.920544    1.920544     .000000     .000000     .000000
     738    1.920544    1.920544    1.920544     .000000     .000000     .000000
     739    1.920544    1.920544    1.920544     .000000     .000000     .000000
     740    1.920544    1.920544    1.920544     .000000     .000000     .000000
     741    1.920544    1.920544    1.920544     .000000     .000000     .000000
     742    1.920544    1.920544    1.920544     .000000     .000000     .000000
     743    0.960272    0.960272    0.960272     .000000     .000000     .000000
     744    0.960272    0.960272    0.960272     .000000     .000000     .000000
     745    1.920544    1.920544    1.920544     .000000     .000000     .000000
     746    1.920544    1.920544    1.920544     .000000     .000000     .000000
     747    1.920544    1.920544    1.920544     .000000     .000000     .000000
     748    1.920544    1.920544    1.920544     .000000     .000000     .000000
     749    1.920544    1.920544    1.920544     .000000     .000000     .000000
     750    1.920544    1.920544    1.920544     .000000     .000000     .000000
     751    1.920544    1.920544    1.920544     .000000     .000000     .000000
     752    1.920544    1.920544    1.920544     .000000     .000000     .000000
     753    1.920544    1.920544    1.920544     .000000     .000000     .000000
     754    1.920544    1.920544    1.920544     .000000     .000000     .000000
     755    1.920544    1.920544    1.920544     .000000     .000000     .000000
     756    0.960272    0.960272    0.960272     .000000     .000000     .000000
     757    0.960272    0.960272    0.960272     .000000     .000000     .000000
     758    1.920544    1.920544    1.920544     .000000     .000000     .000000
     759    1.920544    1.920544    1.920544     .000000     .000000     .000000
     760    1.920544    1.920544    1.920544     .000000     .000000     .000000
     761    1.920544    1.920544    1.920544     .000000     .000000     .000000
     762    1.920544    1.920544    1.920544     .000000     .000000     .000000
     763    1.920544    1.920544    1.920544     .000000     .000000     .000000
     764    1.920544    1.920544    1.920544     .000000     .000000     .000000
     765    1.920544    1.920544    1.920544     .000000     .000000     .000000
     766    1.920544    1.920544    1.920544     .000000     .000000     .000000
     767    1.920544    1.920544    1.920544     .000000     .000000     .000000
     768    1.920544    1.920544    1.920544     .000000     .000000     .000000
     769    0.960272    0.960272    0.960272     .000000     .000000     .000000
     770    0.960272    0.960272    0.960272     .000000     .000000     .000000
     771    1.920544    1.920544    1.920544     .000000     .000000     .000000
     772    1.920544    1.920544    1.920544     .000000     .000000     .000000
     773    1.920544    1.920544    1.920544     .000000     .000000     .000000
     774    1.920544    1.920544    1.920544     .000000     .000000     .000000
     775    1.920544    1.920544    1.920544     .000000     .000000     .000000
     776    1.920544    1.920544    1.920544     .000000     .000000     .000000
     777    1.920544    1.920544    1.920544     .000000     .000000     .000000
     778    1.920544    1.920544    1.920544     .000000     .000000     .000000
     779    1.920544    1.920544    1.920544     .000000     .000000     .000000
     780    1.920544    1.920544    1.920544     .000000     .000000     .000000
     781    1.920544    1.920544    1.920544     .000000     .000000     .000000
     782    0.960272    0.960272    0.960272     .000000     .000000     .000000
     783    0.960272    0.960272    0.960272     .000000     .000000     .000000
     784    1.920544    1.920544    1.920544     .000000     .000000     .000000
     785    1.920544    1.920544    1.920544     .000000     .000000     .000000
     786    1.920544    1.920544    1.920544     .000000     .000000     .000000
     787    1.920544    1.920544    1.920544     .000000     .000000     .000000
     788    1.920544    1.920544    1.920544     .000000     .000000     .000000
     789    1.920544    1.920544    1.920544     .000000     .000000     .000000
     790    1.920544    1.920544    1.920544     .000000     .000000     .000000
     791    1.920544    1.920544    1.920544     .000000     .000000     .000000
     792    1.920544    1.920544    1.920544     .000000     .000000     .000000
     793    1.920544    1.920544    1.920544     .000000     .000000     .000000
     794    1.920544    1.920544    1.920544     .000000     .000000     .000000
     795    0.960272    0.960272    0.960272     .000000     .000000     .000000
     796    0.960272    0.960272    0.960272     .000000     .000000     .000000
     797    1.920544    1.920544    1.920544     .000000     .000000     .000000
     798    1.920544    1.920544    1.920544     .000000     .000000     .000000
     799    1.920544    1.920544    1.920544     .000000     .000000     .000000
     800    1.920544    1.920544    1.920544     .000000     .000000     .000000
     801    1.920544    1.920544    1.920544     .000000     .000000     .000000
     802    1.920544    1.920544    1.920544     .000000     .000000     .000000
     803    1.920544    1.920544    1.920544     .000000     .000000     .000000
     804    1.920544    1.920544    1.920544     .000000     .000000     .000000
     805    1.920544    1.920544    1.920544     .000000     .000000     .000000
     806    1.920544    1.920544    1.920544     .000000     .000000     .000000
     807    1.920544    1.920544    1.920544     .000000     .000000     .000000
     808    0.960272    0.960272    0.960272     .000000     .000000     .000000
     809    0.960272    0.960272    0.960272     .000000     .000000     .000000
     810    1.920544    1.920544    1.920544     .000000     .000000     .000000
     811    1.920544    1.920544    1.920544     .000000     .000000     .000000
     812    1.920544    1.920544    1.920544     .000000     .000000     .000000
     813    1.920544    1.920544    1.920544     .000000     .000000     .000000
     814    1.920544    1.920544    1.920544     .000000     .000000     .000000
     815    1.920544    1.920544    1.920544     .000000     .000000     .000000
     816    1.920544    1.920544    1.920544     .000000     .000000     .000000
     817    1.920544    1.920544    1.920544     .000000     .000000     .000000
     818    1.920544    1.920544    1.920544     .000000     .000000     .000000
     819    1.920544    1.920544    1.920544     .000000     .000000     .000000
     820    1.920544    1.920544    1.920544     .000000     .000000     .000000
     821    0.960272    0.960272    0.960272     .000000     .000000     .000000
     822    0.960272    0.960272    0.960272     .000000     .000000     .000000
     823    1.920544    1.920544    1.920544     .000000     .000000     .000000
     824    1.920544    1.920544    1.920544     .000000     .000000     .000000
     825    1.920544    1.920544    1.920544     .000000     .000000     .000000
     826    1.920544    1.920544    1.920544     .000000     .000000     .000000
     827    1.920544    1.920544    1.920544     .000000     .000000     .000000
     828    1.920544    1.920544    1.920544     .000000     .000000     .000000
     829    1.920544    1.920544    1.920544     .000000     .000000     .000000
     830    1.920544    1.920544    1.920544     .000000     .000000     .000000
     831    1.920544    1.920544    1.920544     .000000     .000000     .000000
     832    1.920544    1.920544    1.920544     .000000     .000000     .000000
     833    1.920544    1.920544    1.920544     .000000     .000000     .000000
     834    0.960272    0.960272    0.960272     .000000     .000000     .000000
     835    0.960272    0.960272    0.960272     .000000     .000000     .000000
     836    1.920544    1.920544    1.920544     .000000     .000000     .000000
     837    1.920544    1.920544    1.920544     .000000     .000000     .000000
     838    1.920544    1.920544    1.920544     .000000     .000000     .000000
     839    1.920544    1.920544    1.920544     .000000     .000000     .000000
     840    1.920544    1.920544    1.920544     .000000     .000000     .000000
     841    1.920544    1.920544    1.920544     .000000     .000000     .000000
     842    1.920544    1.920544    1.920544     .000000     .000000     .000000
     843    1.920544    1.920544    1.920544     .000000     .000000     .000000
     844    1.920544    1.920544    1.920544     .000000     .000000     .000000
     845    1.920544    1.920544    1.920544     .000000     .000000     .000000
     846    1.920544    1.920544    1.920544     .000000     .000000     .000000
     847    0.960272    0.960272    0.960272     .000000     .000000     .000000
     848    0.960272    0.960272    0.960272     .000000     .000000     .000000
     849    1.920544    1.920544    1.920544     .000000     .000000     .000000
     850    1.920544    1.920544    1.920544     .000000     .000000     .000000
     851    1.920544    1.920544    1.920544     .000000     .000000     .000000
     852    1.920544    1.920544    1.920544     .000000     .000000     .000000
     853    1.920544    1.920544    1.920544     .000000     .000000     .000000
     854    1.920544    1.920544    1.920544     .000000     .000000     .000000
     855    1.920544    1.920544    1.920544     .000000     .000000     .000000
     856    1.920544    1.920544    1.920544     .000000     .000000     .000000
     857    1.920544    1.920544    1.920544     .000000     .000000     .000000
     858    1.920544    1.920544    1.920544     .000000     .000000     .000000
     859    1.920544    1.920544    1.920544     .000000     .000000     .000000
     860    0.960272    0.960272    0.960272     .000000     .000000     .000000
     861    0.960272    0.960272    0.960272     .000000     .000000     .000000
     862    1.920544    1.920544    1.920544     .000000     .000000     .000000
     863    1.920544    1.920544    1.920544     .000000     .000000     .000000
     864    1.920544    1.920544    1.920544     .000000     .000000     .000000
     865    1.920544    1.920544    1.920544     .000000     .000000     .000000
     866    1.920544    1.920544    1.920544     .000000     .000000     .000000
     867    1.920544    1.920544    1.920544     .000000     .000000     .000000
     868    1.920544    1.920544    1.920544     .000000     .000000     .000000
     869    1.920544    1.920544    1.920544     .000000     .000000     .000000
     870    1.920544    1.920544    1.920544     .000000     .000000     .000000
     871    1.920544    1.920544    1.920544     .000000     .000000     .000000
     872    1.920544    1.920544    1.920544     .000000     .000000     .000000
     873    0.960272    0.960272    0.960272     .000000     .000000     .000000
     874    0.960272    0.960272    0.960272     .000000     .000000     .000000
     875    1.920544    1.920544    1.920544     .000000     .000000     .000000
     876    1.920544    1.920544    1.920544     .000000     .000000     .000000
     877    1.920544    1.920544    1.920544     .000000     .000000     .000000
     878    1.920544    1.920544    1.920544     .000000     .000000     .000000
     879    1.920544    1.920544    1.920544     .000000     .000000     .000000
     880    1.920544    1.920544    1.920544     .000000     .000000     .000000
     881    1.920544    1.920544    1.920544     .000000     .000000     .000000
     882    1.920544    1.920544    1.920544     .000000     .000000     .000000
     883    1.920544    1.920544    1.920544     .000000     .000000     .000000
     884    1.920544    1.920544    1.920544     .000000     .000000     .000000
     885    1.920544    1.920544    1.920544     .000000     .000000     .000000
     886    0.960272    0.960272    0.960272     .000000     .000000     .000000
     887    0.960272    0.960272    0.960272     .000000     .000000     .000000
     888    1.920544    1.920544    1.920544     .000000     .000000     .000000
     889    1.920544    1.920544    1.920544     .000000     .000000     .000000
     890    1.920544    1.920544    1.920544     .000000     .000000     .000000
     891    1.920544    1.920544    1.920544     .000000     .000000     .000000
     892    1.920544    1.920544    1.920544     .000000     .000000     .000000
     893    1.920544    1.920544    1.920544     .000000     .000000     .000000
     894    1.920544    1.920544    1.920544     .000000     .000000     .000000
     895    1.920544    1.920544    1.920544     .000000     .000000     .000000
     896    1.920544    1.920544    1.920544     .000000     .000000     .000000
     897    1.920544    1.920544    1.920544     .000000     .000000     .000000
     898    1.920544    1.920544    1.920544     .000000     .000000     .000000
     899    0.960272    0.960272    0.960272     .000000     .000000     .000000
     900    0.960272    0.960272    0.960272     .000000     .000000     .000000
     901    1.920544    1.920544    1.920544     .000000     .000000     .000000
     902    1.920544    1.920544    1.920544     .000000     .000000     .000000
     903    1.920544    1.920544    1.920544     .000000     .000000     .000000
     904    1.920544    1.920544    1.920544     .000000     .000000     .000000
     905    1.920544    1.920544    1.920544     .000000     .000000     .000000
     906    1.920544    1.920544    1.920544     .000000     .000000     .000000
     907    1.920544    1.920544    1.920544     .000000     .000000     .000000
     908    1.920544    1.920544    1.920544     .000000     .000000     .000000
     909    1.920544    1.920544    1.920544     .000000     .000000     .000000
     910    1.920544    1.920544    1.920544     .000000     .000000     .000000
     911    1.920544    1.920544    1.920544     .000000     .000000     .000000
     912    0.960272    0.960272    0.960272     .000000     .000000     .000000
     913    0.960272    0.960272    0.960272     .000000     .000000     .000000
     914    1.920544    1.920544    1.920544     .000000     .000000     .000000
     915    1.920544    1.920544    1.920544     .000000     .000000     .000000
     916    1.920544    1.920544    1.920544     .000000     .000000     .000000
     917    1.920544    1.920544    1.920544     .000000     .000000     .000000
     918    1.920544    1.920544    1.920544     .000000     .000000     .000000
     919    1.920544    1.920544    1.920544     .000000     .000000     .000000
     920    1.920544    1.920544    1.920544     .000000     .000000     .000000
     921    1.920544    1.920544    1.920544     .000000     .000000     .000000
     922    1.920544    1.920544    1.920544     .000000     .000000     .000000
     923    1.920544    1.920544    1.920544     .000000     .000000     .000000
     924    1.920544    1.920544    1.920544     .000000     .000000     .000000
     925    0.960272    0.960272    0.960272     .000000     .000000     .000000
     926    0.960272    0.960272    0.960272     .000000     .000000     .000000
     927    1.920544    1.920544    1.920544     .000000     .000000     .000000
     928    1.920544    1.920544    1.920544     .000000     .000000     .000000
     929    1.920544    1.920544    1.920544     .000000     .000000     .000000
     930    1.920544    1.920544    1.920544     .000000     .000000     .000000
     931    1.920544    1.920544    1.920544     .000000     .000000     .000000
     932    1.920544    1.920544    1.920544     .000000     .000000     .000000
     933    1.920544    1.920544    1.920544     .000000     .000000     .000000
     934    1.920544    1.920544    1.920544     .000000     .000000     .000000
     935    1.920544    1.920544    1.920544     .000000     .000000     .000000
     936    1.920544    1.920544    1.920544     .000000     .000000     .000000
     937    1.920544    1.920544    1.920544     .000000     .000000     .000000
     938    0.960272    0.960272    0.960272     .000000     .000000     .000000
     939    0.960272    0.960272    0.960272     .000000     .000000     .000000
     940    0.960272    0.960272    0.960272     .000000     .000000     .000000
     941    0.960272    0.960272    0.960272     .000000     .000000     .000000
     942    0.960272    0.960272    0.960272     .000000     .000000     .000000
     943    0.960272    0.960272    0.960272     .000000     .000000     .000000
     944    0.960272    0.960272    0.960272     .000000     .000000     .000000
     945    0.960272    0.960272    0.960272     .000000     .000000     .000000
     946    0.960272    0.960272    0.960272     .000000     .000000     .000000
     947    0.960272    0.960272    0.960272     .000000     .000000     .000000
     948    0.960272    0.960272    0.960272     .000000     .000000     .000000
     949    0.960272    0.960272    0.960272     .000000     .000000     .000000


 T O T A L   A S S E M B L E D   J O I N T   M A S S E S

 IN GLOBAL COORDINATES

                  UX          UY          UZ          RX          RY          RZ
   TOTAL    1659.350    1659.350    1659.350     .000000     .000000     .000000


 T O T A L   A C C E L E R A T E D   M A S S   A N D   L O C A T I O N

 TOTAL MASS ACTIVATED BY ACCELERATION LOADS, IN GLOBAL COORDINATES

                  UX          UY          UZ
    MASS    1636.303    1636.303    1636.303
   X-LOC    4.09E-16    4.09E-16    4.09E-16
   Y-LOC   -6.38E-18   -6.38E-18   -6.38E-18
   Z-LOC    3.000000    3.000000    3.000000
 Program SAP2000 Nonlinear Version 7.11                            File:WORK.OUT
                                                                            Page
                                                                               3

 M O D A L   P E R I O D S   A N D   F R E Q U E N C I E S

    MODE      PERIOD   FREQUENCY   FREQUENCY  EIGENVALUE
              (TIME)  (CYC/TIME)  (RAD/TIME)  (RAD/TIME)**2

       1    0.294583    3.394624   21.329051  454.928424
       2    0.217895    4.589371   28.835866  831.507155
       3    0.162380    6.158395   38.694337    1497.252
       4    0.144683    6.911665   43.427274    1885.928
       5    0.128181    7.801489   49.018202    2402.784
       6    0.114444    8.737890   54.901780    3014.205
 Program SAP2000 Nonlinear Version 7.11                            File:WORK.OUT
                                                                            Page
                                                                               4

 M O D A L   P A R T I C I P A T I O N   F A C T O R S

 FOR UNIT ACCELERATION LOADS IN GLOBAL COORDINATES

    MODE      PERIOD          UX          UY          UZ
       1    0.294583   -3.36E-09   -1.26E-07    1.52E-07
       2    0.217895    2.45E-08    9.69E-07    2.466020
       3    0.162380    2.84E-07    2.49E-06   -2.74E-05
       4    0.144683   -1.13E-06   -2.04E-05  -34.335047
       5    0.128181    3.70E-06   -4.34E-06    5.71E-06
       6    0.114444   -0.000207    0.000162    2.08E-05
 Program SAP2000 Nonlinear Version 7.11                            File:WORK.OUT
                                                                            Page
                                                                               5

 M O D A L   P A R T I C I P A T I N G   M A S S   R A T I O S

    MODE      PERIOD    INDIVIDUAL MODE (PERCENT)     CUMULATIVE SUM (PERCENT)
                             UX       UY       UZ         UX       UY       UZ

       1    0.294583     0.0000   0.0000   0.0000     0.0000   0.0000   0.0000
       2    0.217895     0.0000   0.0000   0.3716     0.0000   0.0000   0.3716
       3    0.162380     0.0000   0.0000   0.0000     0.0000   0.0000   0.3716
       4    0.144683     0.0000   0.0000  72.0463     0.0000   0.0000  72.4179
       5    0.128181     0.0000   0.0000   0.0000     0.0000   0.0000  72.4179
       6    0.114444     0.0000   0.0000   0.0000     0.0000   0.0000  72.4179
 Program SAP2000 Nonlinear Version 7.11                            File:WORK.OUT
                                                                            Page
                                                                               6

 M O D A L   L O A D   P A R T I C I P A T I O N   R A T I O S

 LOAD, ACC, OR NLLINK/DEF      STATIC    DYNAMIC                       EFFECTIVE
        (TYPE)      (NAME)   (PERCENT)  (PERCENT)                         PERIOD

         LOAD       LOAD1     99.2693    72.4179                        0.145225
         LOAD      ALCAS1     99.3199    72.2487                        0.177788
         LOAD      ALCAS2     99.3200    72.2487                        0.177788
         LOAD      ALCAS3     99.2527    71.8267                        0.155779
         LOAD      ALCAS4     99.3199    72.2487                        0.177788
         LOAD      ALCAS5     99.3439    73.5187                        0.152683
         LOAD      ALCAS6     99.3463    72.8252                        0.171940
         LOAD      ALCAS7     99.3351    73.3932                        0.151169
         LOAD      ALCAS8     99.2693    72.4179                        0.145225
         LOAD      ALCAS9     99.2693    72.4179                        0.145225
          ACC          UX      0.0000     0.0000                        0.016244
          ACC          UY      0.0000     0.0000                        0.023607
          ACC          UZ     99.2693    72.4179                        0.145225

 (*) NOTE: DYNAMIC LOAD PARTICIPATION RATIO EXCLUDES LOAD APPLIED
           TO NON-MASS DEGREES OF FREEDOM
 Program SAP2000 Nonlinear Version 7.11                            File:WORK.OUT
                                                                            Page
                                                                               7

 G L O B A L   F O R C E   B A L A N C E

 TOTAL FORCE AND MOMENT AT THE ORIGIN, IN GLOBAL COORDINATES

 LOAD   LOAD1 ------------------    

                  FX          FY          FZ          MX          MY          MZ
 APPLIED     .000000     .000000  -16285.785   -4.09E-14    1.08E-11     .000000
 INERTIA     .000000     .000000     .000000     .000000     .000000     .000000
 REACTNS     .000000     .000000   16285.785   -3.82E-09   -1.94E-09     .000000

   TOTAL     .000000     .000000   -1.69E-08   -3.82E-09   -1.93E-09     .000000

 LOAD  ALCAS1 ------------------    

                  FX          FY          FZ          MX          MY          MZ
 APPLIED     .000000     .000000  -19211.385   -1.55E-13  -29256.000     .000000
 INERTIA     .000000     .000000     .000000     .000000     .000000     .000000
 REACTNS     .000000     .000000   19211.385   -3.64E-09   29256.000     .000000

   TOTAL     .000000     .000000   -2.05E-08   -3.64E-09   -3.32E-08     .000000

 LOAD  ALCAS2 ------------------    

                  FX          FY          FZ          MX          MY          MZ
 APPLIED     .000000     .000000  -19211.385   -1.55E-13   29256.000     .000000
 INERTIA     .000000     .000000     .000000     .000000     .000000     .000000
 REACTNS     .000000     .000000   19211.385   -5.19E-09  -29256.000     .000000

   TOTAL     .000000     .000000   -2.04E-08   -5.19E-09    2.76E-08     .000000

 LOAD  ALCAS3 ------------------    

                  FX          FY          FZ          MX          MY          MZ
 APPLIED     .000000     .000000  -20269.785   -4.09E-14   -3.76E-12     .000000
 INERTIA     .000000     .000000     .000000     .000000     .000000     .000000
 REACTNS     .000000     .000000   20269.785   -4.72E-09   -3.23E-09     .000000

   TOTAL     .000000     .000000   -2.18E-08   -4.72E-09   -3.23E-09     .000000

 LOAD  ALCAS4 ------------------    

                  FX          FY          FZ          MX          MY          MZ
 APPLIED     .000000     .000000  -19211.385   -1.55E-13  -29256.000     .000000
 INERTIA     .000000     .000000     .000000     .000000     .000000     .000000
 REACTNS     .000000     .000000   19211.385   -3.64E-09   29256.000     .000000

   TOTAL     .000000     .000000   -2.05E-08   -3.64E-09   -3.32E-08     .000000

 LOAD  ALCAS5 ------------------    

                  FX          FY          FZ          MX          MY          MZ
 APPLIED     .000000     .000000  -18904.665    8.17E-14   73328.640     .000000
 INERTIA     .000000     .000000     .000000     .000000     .000000     .000000
 REACTNS     .000000     .000000   18904.665   -4.19E-09  -73328.640     .000000

   TOTAL     .000000     .000000   -1.95E-08   -4.19E-09    9.64E-08     .000000

 LOAD  ALCAS6 ------------------    

                  FX          FY          FZ          MX          MY          MZ
 APPLIED     .000000     .000000  -20096.025    3.41E-13   26248.320     .000000
 INERTIA     .000000     .000000     .000000     .000000     .000000     .000000
 REACTNS     .000000     .000000   20096.025   -3.85E-09  -26248.320     .000000

   TOTAL     .000000     .000000   -2.10E-08   -3.85E-09    3.77E-08     .000000

 LOAD  ALCAS7 ------------------    

                  FX          FY          FZ          MX          MY          MZ
 APPLIED     .000000     .000000  -18626.265   -1.55E-13  -65533.440     .000000
 INERTIA     .000000     .000000     .000000     .000000     .000000     .000000
 REACTNS     .000000     .000000   18626.265   -4.58E-09   65533.440     .000000

   TOTAL     .000000     .000000   -1.91E-08   -4.58E-09   -8.95E-08     .000000

 LOAD  ALCAS8 ------------------    

                  FX          FY          FZ          MX          MY          MZ
 APPLIED     .000000     .000000  -16285.785   -4.09E-14    1.08E-11     .000000
 INERTIA     .000000     .000000     .000000     .000000     .000000     .000000
 REACTNS     .000000     .000000   16285.785   -3.82E-09   -1.94E-09     .000000

   TOTAL     .000000     .000000   -1.69E-08   -3.82E-09   -1.93E-09     .000000

 LOAD  ALCAS9 ------------------    

                  FX          FY          FZ          MX          MY          MZ
 APPLIED     .000000     .000000  -16285.785   -4.09E-14    1.08E-11     .000000
 INERTIA     .000000     .000000     .000000     .000000     .000000     .000000
 REACTNS     .000000     .000000   16285.785   -3.82E-09   -1.94E-09     .000000

   TOTAL     .000000     .000000   -1.69E-08   -3.82E-09   -1.93E-09     .000000

 MODE       1 ------------------    

                  FX          FY          FZ          MX          MY          MZ
 APPLIED     .000000     .000000     .000000     .000000     .000000     .000000
 INERTIA   -1.53E-06   -5.72E-05    6.91E-05    4.88E-05  -12168.700    0.000811
 REACTNS    0.000489    0.008141   -0.003568   -0.020064   12168.650   -0.087592

   TOTAL    0.000488    0.008084   -0.003499   -0.020015   -0.049533   -0.086780

 MODE       2 ------------------    

                  FX          FY          FZ          MX          MY          MZ
 APPLIED     .000000     .000000     .000000     .000000     .000000     .000000
 INERTIA    2.04E-05    0.000805    2050.514    0.012480    0.407872   -0.009812
 REACTNS   -0.003633   -0.066250   -2050.367    0.083187   -4.030596    0.562045

   TOTAL   -0.003613   -0.065445    0.146734    0.095667   -3.622724    0.552232

 MODE       3 ------------------    

                  FX          FY          FZ          MX          MY          MZ
 APPLIED     .000000     .000000     .000000     .000000     .000000     .000000
 INERTIA    0.000425    0.003723   -0.041053    0.087853  1.0203E+06    0.052732
 REACTNS   -0.042038   -0.199927    0.345656   -0.085716 -1.0203E+06   -2.053076

   TOTAL   -0.041613   -0.196204    0.304603    0.002137  -32.595286   -2.000345

 MODE       4 ------------------    

                  FX          FY          FZ          MX          MY          MZ
 APPLIED     .000000     .000000     .000000     .000000     .000000     .000000
 INERTIA   -0.002130   -0.038461  -64753.432    0.228799    3.067452   -0.056011
 REACTNS    0.165710    1.345949   64754.460   -4.477095  -12.319534    1.416647

   TOTAL    0.163580    1.307488    1.027729   -4.248297   -9.252082    1.360637

 MODE       5 ------------------    

                  FX          FY          FZ          MX          MY          MZ
 APPLIED     .000000     .000000     .000000     .000000     .000000     .000000
 INERTIA    0.008880   -0.010424    0.013709    0.174864   -5.461483   -1.569222
 REACTNS   -0.767585    2.690743   -0.638152  -13.740936   58.374115   38.433136

   TOTAL   -0.758705    2.680319   -0.624443  -13.566072   52.912633   36.863914

 MODE       6 ------------------    

                  FX          FY          FZ          MX          MY          MZ
 APPLIED     .000000     .000000     .000000     .000000     .000000     .000000
 INERTIA   -0.623771    0.488738    0.062778  120978.271   14.492226    1.829087
 REACTNS   33.908906   -1.083534    6.254459 -120970.176   54.272655  -32.443538

   TOTAL   33.285135   -0.594796    6.317237    8.094649   68.764880  -30.614452

 COMBCOMB1ELU ------------------ MAX

                  FX          FY          FZ          MX          MY          MZ
 APPLIED     .000000     .000000  -52724.025   -3.02E-13  -46809.600     .000000
 INERTIA     .000000     .000000     .000000     .000000     .000000     .000000
 REACTNS     .000000     .000000   52724.025   -1.10E-08   46809.600     .000000

   TOTAL     .000000     .000000   -5.55E-08   -1.10E-08   -5.57E-08     .000000

 COMBCOMB1ELU ------------------ MIN

                  FX          FY          FZ          MX          MY          MZ
 APPLIED     .000000     .000000  -52724.025   -3.02E-13  -46809.600     .000000
 INERTIA     .000000     .000000     .000000     .000000     .000000     .000000
 REACTNS     .000000     .000000   52724.025   -1.10E-08   46809.600     .000000

   TOTAL     .000000     .000000   -5.55E-08   -1.10E-08   -5.57E-08     .000000

 COMBCOMB2ELU ------------------ MAX

                  FX          FY          FZ          MX          MY          MZ
 APPLIED     .000000     .000000  -52724.025   -3.02E-13   46809.600     .000000
 INERTIA     .000000     .000000     .000000     .000000     .000000     .000000
 REACTNS     .000000     .000000   52724.025   -1.35E-08  -46809.600     .000000

   TOTAL     .000000     .000000   -5.54E-08   -1.35E-08    4.15E-08     .000000

 COMBCOMB2ELU ------------------ MIN

                  FX          FY          FZ          MX          MY          MZ
 APPLIED     .000000     .000000  -52724.025   -3.02E-13   46809.600     .000000
 INERTIA     .000000     .000000     .000000     .000000     .000000     .000000
 REACTNS     .000000     .000000   52724.025   -1.35E-08  -46809.600     .000000

   TOTAL     .000000     .000000   -5.54E-08   -1.35E-08    4.15E-08     .000000

 COMBCOMB3ELU ------------------ MAX

                  FX          FY          FZ          MX          MY          MZ
 APPLIED     .000000     .000000  -54417.465   -1.21E-13    8.56E-12     .000000
 INERTIA     .000000     .000000     .000000     .000000     .000000     .000000
 REACTNS     .000000     .000000   54417.465   -1.27E-08   -7.78E-09     .000000

   TOTAL     .000000     .000000   -5.77E-08   -1.27E-08   -7.77E-09     .000000

 COMBCOMB3ELU ------------------ MIN

                  FX          FY          FZ          MX          MY          MZ
 APPLIED     .000000     .000000  -54417.465   -1.21E-13    8.56E-12     .000000
 INERTIA     .000000     .000000     .000000     .000000     .000000     .000000
 REACTNS     .000000     .000000   54417.465   -1.27E-08   -7.78E-09     .000000

   TOTAL     .000000     .000000   -5.77E-08   -1.27E-08   -7.77E-09     .000000

 COMBCOMB4ELU ------------------ MAX

                  FX          FY          FZ          MX          MY          MZ
 APPLIED     .000000     .000000  -52724.025   -3.02E-13  -46809.600     .000000
 INERTIA     .000000     .000000     .000000     .000000     .000000     .000000
 REACTNS     .000000     .000000   52724.025   -1.10E-08   46809.600     .000000

   TOTAL     .000000     .000000   -5.55E-08   -1.10E-08   -5.57E-08     .000000

 COMBCOMB4ELU ------------------ MIN

                  FX          FY          FZ          MX          MY          MZ
 APPLIED     .000000     .000000  -52724.025   -3.02E-13  -46809.600     .000000
 INERTIA     .000000     .000000     .000000     .000000     .000000     .000000
 REACTNS     .000000     .000000   52724.025   -1.10E-08   46809.600     .000000

   TOTAL     .000000     .000000   -5.55E-08   -1.10E-08   -5.57E-08     .000000

 COMBCOMB5ELU ------------------ MAX

                  FX          FY          FZ          MX          MY          MZ
 APPLIED     .000000     .000000  -52233.273    7.56E-14  117325.824     .000000
 INERTIA     .000000     .000000     .000000     .000000     .000000     .000000
 REACTNS     .000000     .000000   52233.273   -1.19E-08 -117325.824     .000000

   TOTAL     .000000     .000000   -5.40E-08   -1.19E-08    1.52E-07     .000000

 COMBCOMB5ELU ------------------ MIN

                  FX          FY          FZ          MX          MY          MZ
 APPLIED     .000000     .000000  -52233.273    7.56E-14  117325.824     .000000
 INERTIA     .000000     .000000     .000000     .000000     .000000     .000000
 REACTNS     .000000     .000000   52233.273   -1.19E-08 -117325.824     .000000

   TOTAL     .000000     .000000   -5.40E-08   -1.19E-08    1.52E-07     .000000

 COMBCOMB6ELU ------------------ MAX

                  FX          FY          FZ          MX          MY          MZ
 APPLIED     .000000     .000000  -54139.449    4.91E-13   41997.312     .000000
 INERTIA     .000000     .000000     .000000     .000000     .000000     .000000
 REACTNS     .000000     .000000   54139.449   -1.13E-08  -41997.312     .000000

   TOTAL     .000000     .000000   -5.64E-08   -1.13E-08    5.78E-08     .000000

 COMBCOMB6ELU ------------------ MIN

                  FX          FY          FZ          MX          MY          MZ
 APPLIED     .000000     .000000  -54139.449    4.91E-13   41997.312     .000000
 INERTIA     .000000     .000000     .000000     .000000     .000000     .000000
 REACTNS     .000000     .000000   54139.449   -1.13E-08  -41997.312     .000000

   TOTAL     .000000     .000000   -5.64E-08   -1.13E-08    5.78E-08     .000000

 COMBCOMB7ELU ------------------ MAX

                  FX          FY          FZ          MX          MY          MZ
 APPLIED     .000000     .000000  -51787.833   -3.02E-13 -104853.504     .000000
 INERTIA     .000000     .000000     .000000     .000000     .000000     .000000
 REACTNS     .000000     .000000   51787.833   -1.25E-08  104853.504     .000000

   TOTAL     .000000     .000000   -5.33E-08   -1.25E-08   -1.46E-07     .000000

 COMBCOMB7ELU ------------------ MIN

                  FX          FY          FZ          MX          MY          MZ
 APPLIED     .000000     .000000  -51787.833   -3.02E-13 -104853.504     .000000
 INERTIA     .000000     .000000     .000000     .000000     .000000     .000000
 REACTNS     .000000     .000000   51787.833   -1.25E-08  104853.504     .000000

   TOTAL     .000000     .000000   -5.33E-08   -1.25E-08   -1.46E-07     .000000
